c:\users\rafrafi\documents\visual studio 2013\projects\objloader mult file\objloader mult file\debug\vc120.pdb
c:\users\rafrafi\documents\visual studio 2013\projects\objloader mult file\objloader mult file\debug\vc120.idb
c:\users\rafrafi\documents\visual studio 2013\projects\objloader mult file\objloader mult file\debug\objloader.obj
c:\users\rafrafi\documents\visual studio 2013\projects\objloader mult file\objloader mult file\debug\main.obj
c:\users\rafrafi\documents\visual studio 2013\projects\objloader mult file\debug\objloader mult file.pdb
c:\users\rafrafi\documents\visual studio 2013\projects\objloader mult file\objloader mult file\debug\objloade.5a76575b.tlog\cl.command.1.tlog
c:\users\rafrafi\documents\visual studio 2013\projects\objloader mult file\objloader mult file\debug\objloade.5a76575b.tlog\cl.read.1.tlog
c:\users\rafrafi\documents\visual studio 2013\projects\objloader mult file\objloader mult file\debug\objloade.5a76575b.tlog\cl.write.1.tlog
c:\users\rafrafi\documents\visual studio 2013\projects\objloader mult file\objloader mult file\debug\objloade.5a76575b.tlog\link-cvtres.read.1.tlog
c:\users\rafrafi\documents\visual studio 2013\projects\objloader mult file\objloader mult file\debug\objloade.5a76575b.tlog\link-cvtres.write.1.tlog
c:\users\rafrafi\documents\visual studio 2013\projects\objloader mult file\objloader mult file\debug\objloade.5a76575b.tlog\link-rc.read.1.tlog
c:\users\rafrafi\documents\visual studio 2013\projects\objloader mult file\objloader mult file\debug\objloade.5a76575b.tlog\link-rc.write.1.tlog
c:\users\rafrafi\documents\visual studio 2013\projects\objloader mult file\objloader mult file\debug\objloade.5a76575b.tlog\link.196-cvtres.read.1.tlog
c:\users\rafrafi\documents\visual studio 2013\projects\objloader mult file\objloader mult file\debug\objloade.5a76575b.tlog\link.196-cvtres.write.1.tlog
c:\users\rafrafi\documents\visual studio 2013\projects\objloader mult file\objloader mult file\debug\objloade.5a76575b.tlog\link.196-rc.read.1.tlog
c:\users\rafrafi\documents\visual studio 2013\projects\objloader mult file\objloader mult file\debug\objloade.5a76575b.tlog\link.196-rc.write.1.tlog
c:\users\rafrafi\documents\visual studio 2013\projects\objloader mult file\objloader mult file\debug\objloade.5a76575b.tlog\link.196.read.1.tlog
c:\users\rafrafi\documents\visual studio 2013\projects\objloader mult file\objloader mult file\debug\objloade.5a76575b.tlog\link.196.write.1.tlog
c:\users\rafrafi\documents\visual studio 2013\projects\objloader mult file\objloader mult file\debug\objloade.5a76575b.tlog\link.command.1.tlog
c:\users\rafrafi\documents\visual studio 2013\projects\objloader mult file\objloader mult file\debug\objloade.5a76575b.tlog\link.read.1.tlog
c:\users\rafrafi\documents\visual studio 2013\projects\objloader mult file\objloader mult file\debug\objloade.5a76575b.tlog\link.write.1.tlog
